2025-12-26T12:04:40: 📡 Mongoose connected to MongoDB
2025-12-26T12:04:41: ✅ MongoDB Connected: localhost
2025-12-26T12:04:41:    Database: rekhapowerlift
2025-12-26T12:04:41: 
2025-12-26T12:04:41: ============================================================
2025-12-26T12:04:41: 🚀 Rekhapowerlift Server Running
2025-12-26T12:04:41: ============================================================
2025-12-26T12:04:41:    Port: 5000
2025-12-26T12:04:41:    Environment: production
2025-12-26T12:04:41:    S3 Bucket: rekhawpc
2025-12-26T12:04:41:    Health Check: http://localhost:5000/api/health
2025-12-26T12:04:41: ============================================================
2025-12-26T12:04:41: 
2025-12-26T12:51:04: 📴 Mongoose disconnected from MongoDB
2025-12-26T12:56:33: 📡 Mongoose connected to MongoDB
2025-12-26T13:01:13: 📴 Mongoose disconnected from MongoDB
2025-12-26T13:01:24: 📡 Mongoose connected to MongoDB
2025-12-26T13:05:26: 📴 Mongoose disconnected from MongoDB
2025-12-26T13:05:36: 📡 Mongoose connected to MongoDB
2025-12-26T13:07:16: 📴 Mongoose disconnected from MongoDB
2025-12-26T13:07:26: 📡 Mongoose connected to MongoDB
2025-12-26T13:13:10: 📴 Mongoose disconnected from MongoDB
2025-12-26T13:13:20: 📡 Mongoose connected to MongoDB
2025-12-26T13:24:10: 📴 Mongoose disconnected from MongoDB
2025-12-26T13:24:20: 📡 Mongoose connected to MongoDB
2025-12-26T13:36:55: 📴 Mongoose disconnected from MongoDB
2025-12-26T13:37:05: 📡 Mongoose connected to MongoDB
2025-12-26T13:44:35: 📴 Mongoose disconnected from MongoDB
2025-12-26T13:44:45: 📡 Mongoose connected to MongoDB
2025-12-26T13:50:35: 📴 Mongoose disconnected from MongoDB
2025-12-26T13:50:45: 📡 Mongoose connected to MongoDB
2025-12-26T13:53:07: 📴 Mongoose disconnected from MongoDB
2025-12-26T13:53:17: 📡 Mongoose connected to MongoDB
2025-12-26T13:54:52: 📴 Mongoose disconnected from MongoDB
2025-12-26T13:55:02: 📡 Mongoose connected to MongoDB
2025-12-26T14:00:39: 📴 Mongoose disconnected from MongoDB
2025-12-26T14:00:39: 📡 Mongoose connected to MongoDB
2025-12-26T14:04:25: 📴 Mongoose disconnected from MongoDB
2025-12-26T14:04:35: 📡 Mongoose connected to MongoDB
2025-12-26T14:06:32: 📴 Mongoose disconnected from MongoDB
2025-12-26T14:06:42: 📡 Mongoose connected to MongoDB
2025-12-26T14:11:11: 📴 Mongoose disconnected from MongoDB
2025-12-26T14:11:21: 📡 Mongoose connected to MongoDB
2025-12-26T14:12:27: 📴 Mongoose disconnected from MongoDB
2025-12-26T14:12:37: 📡 Mongoose connected to MongoDB
2025-12-26T14:15:16: 📴 Mongoose disconnected from MongoDB
2025-12-26T14:15:26: 📡 Mongoose connected to MongoDB
2025-12-26T14:20:52: 📴 Mongoose disconnected from MongoDB
2025-12-26T14:21:02: 📡 Mongoose connected to MongoDB
2025-12-26T14:22:05: 📴 Mongoose disconnected from MongoDB
2025-12-26T14:22:15: 📡 Mongoose connected to MongoDB
2025-12-26T14:29:34: 📴 Mongoose disconnected from MongoDB
2025-12-26T14:29:44: 📡 Mongoose connected to MongoDB
2025-12-26T14:39:18: 📴 Mongoose disconnected from MongoDB
2025-12-26T14:39:28: 📡 Mongoose connected to MongoDB
2025-12-26T14:44:16: 📴 Mongoose disconnected from MongoDB
2025-12-26T14:44:26: 📡 Mongoose connected to MongoDB
2025-12-26T14:54:09: 📴 Mongoose disconnected from MongoDB
2025-12-26T14:54:19: 📡 Mongoose connected to MongoDB
2025-12-26T15:05:37: 📴 Mongoose disconnected from MongoDB
2025-12-26T15:05:37: 📡 Mongoose connected to MongoDB
2025-12-26T15:22:05: 📴 Mongoose disconnected from MongoDB
2025-12-26T15:22:15: 📡 Mongoose connected to MongoDB
2025-12-26T15:30:54: 📴 Mongoose disconnected from MongoDB
2025-12-26T15:31:04: 📡 Mongoose connected to MongoDB
2025-12-26T15:48:48: 📴 Mongoose disconnected from MongoDB
2025-12-26T15:48:58: 📡 Mongoose connected to MongoDB
2025-12-26T15:55:31: 📴 Mongoose disconnected from MongoDB
2025-12-26T15:55:41: 📡 Mongoose connected to MongoDB
2025-12-26T16:08:23: 📴 Mongoose disconnected from MongoDB
2025-12-26T16:08:33: 📡 Mongoose connected to MongoDB
2025-12-26T16:21:05: 📴 Mongoose disconnected from MongoDB
2025-12-26T16:21:15: 📡 Mongoose connected to MongoDB
2025-12-26T16:50:59: 📴 Mongoose disconnected from MongoDB
2025-12-26T16:51:09: 📡 Mongoose connected to MongoDB
2025-12-26T16:54:45: 📴 Mongoose disconnected from MongoDB
2025-12-26T16:54:55: 📡 Mongoose connected to MongoDB
2025-12-26T17:55:46: 📴 Mongoose disconnected from MongoDB
2025-12-26T18:44:12: 📡 Mongoose connected to MongoDB
2025-12-26T19:04:31: 📴 Mongoose disconnected from MongoDB
2025-12-26T20:00:34: 📡 Mongoose connected to MongoDB
2025-12-26T20:31:16: 📴 Mongoose disconnected from MongoDB
2025-12-26T21:52:50: 📡 Mongoose connected to MongoDB
2025-12-26T21:59:58: 📴 Mongoose disconnected from MongoDB
2025-12-26T22:00:09: 📡 Mongoose connected to MongoDB
2025-12-26T22:41:18: 📴 Mongoose disconnected from MongoDB
2025-12-26T22:41:21: 📡 Mongoose connected to MongoDB
2025-12-26T22:58:13: 📴 Mongoose disconnected from MongoDB
2025-12-26T23:07:52: 📡 Mongoose connected to MongoDB
2025-12-26T23:35:56: 📴 Mongoose disconnected from MongoDB
2025-12-26T23:36:07: 📡 Mongoose connected to MongoDB
2025-12-27T00:19:27: 📴 Mongoose disconnected from MongoDB
2025-12-27T00:19:32: 📡 Mongoose connected to MongoDB
2025-12-27T00:45:31: 📴 Mongoose disconnected from MongoDB
2025-12-27T00:45:41: 📡 Mongoose connected to MongoDB
2025-12-27T01:03:57: 📴 Mongoose disconnected from MongoDB
2025-12-27T01:04:07: 📡 Mongoose connected to MongoDB
2025-12-27T01:33:11: 📴 Mongoose disconnected from MongoDB
2025-12-27T01:33:21: 📡 Mongoose connected to MongoDB
2025-12-27T02:13:49: 📴 Mongoose disconnected from MongoDB
2025-12-27T02:13:59: 📡 Mongoose connected to MongoDB
2025-12-27T03:02:00: 📴 Mongoose disconnected from MongoDB
2025-12-27T03:02:09: 📡 Mongoose connected to MongoDB
2025-12-27T04:06:45: 📴 Mongoose disconnected from MongoDB
2025-12-27T04:06:46: 📡 Mongoose connected to MongoDB
2025-12-27T04:21:50: 📴 Mongoose disconnected from MongoDB
2025-12-27T04:22:00: 📡 Mongoose connected to MongoDB
2025-12-27T04:33:34: 📴 Mongoose disconnected from MongoDB
2025-12-27T04:33:44: 📡 Mongoose connected to MongoDB
2025-12-27T04:42:38: 📡 Mongoose connected to MongoDB
2025-12-27T04:42:38: ✅ MongoDB Connected: localhost
2025-12-27T04:42:38:    Database: rekhapowerlift
2025-12-27T04:42:38: 
2025-12-27T04:42:38: ============================================================
2025-12-27T04:42:38: 🚀 Rekhapowerlift Server Running
2025-12-27T04:42:38: ============================================================
2025-12-27T04:42:38:    Port: 5000
2025-12-27T04:42:38:    Environment: production
2025-12-27T04:42:38:    S3 Bucket: rekhawpc
2025-12-27T04:42:38:    Health Check: http://localhost:5000/api/health
2025-12-27T04:42:38: ============================================================
2025-12-27T04:42:38: 
2025-12-27T04:46:43: 📴 Mongoose disconnected from MongoDB
