2025-12-04T09:36:46: 📡 Mongoose connected to MongoDB
2025-12-04T09:36:46: ✅ MongoDB Connected: localhost
2025-12-04T09:36:46:    Database: rekhapowerlift
2025-12-04T09:36:46: 
2025-12-04T09:36:46: ============================================================
2025-12-04T09:36:46: 🚀 Rekhapowerlift Server Running
2025-12-04T09:36:46: ============================================================
2025-12-04T09:36:46:    Port: 5000
2025-12-04T09:36:46:    Environment: production
2025-12-04T09:36:46:    S3 Bucket: rekhawpc
2025-12-04T09:36:46:    Health Check: http://localhost:5000/api/health
2025-12-04T09:36:46: ============================================================
2025-12-04T09:36:46: 
2025-12-04T09:54:29: 📴 Mongoose disconnected from MongoDB
2025-12-04T09:54:39: 📡 Mongoose connected to MongoDB
2025-12-04T10:18:08: 📴 Mongoose disconnected from MongoDB
2025-12-04T10:22:29: 📡 Mongoose connected to MongoDB
2025-12-04T10:37:20: 📴 Mongoose disconnected from MongoDB
2025-12-04T10:37:30: 📡 Mongoose connected to MongoDB
2025-12-04T15:22:43: 📴 Mongoose disconnected from MongoDB
2025-12-04T15:23:15: 📡 Mongoose connected to MongoDB
2025-12-04T16:01:58: 📴 Mongoose disconnected from MongoDB
2025-12-04T16:01:58: MongoDB connection closed through app termination
2025-12-04T16:02:08: 📡 Mongoose connected to MongoDB
2025-12-04T16:02:08: ✅ MongoDB Connected: localhost
2025-12-04T16:02:08:    Database: rekhapowerlift
2025-12-04T16:02:08: 
2025-12-04T16:02:08: ============================================================
2025-12-04T16:02:08: 🚀 Rekhapowerlift Server Running
2025-12-04T16:02:08: ============================================================
2025-12-04T16:02:08:    Port: 5000
2025-12-04T16:02:08:    Environment: production
2025-12-04T16:02:08:    S3 Bucket: rekhawpc
2025-12-04T16:02:08:    Health Check: http://localhost:5000/api/health
2025-12-04T16:02:08: ============================================================
2025-12-04T16:02:08: 
2025-12-04T17:33:04: 📴 Mongoose disconnected from MongoDB
2025-12-04T17:33:14: 📡 Mongoose connected to MongoDB
2025-12-15T07:36:34: 📴 Mongoose disconnected from MongoDB
2025-12-15T07:36:44: 📡 Mongoose connected to MongoDB
2025-12-15T07:47:23: 📴 Mongoose disconnected from MongoDB
2025-12-15T08:22:38: 📡 Mongoose connected to MongoDB
2025-12-15T08:42:33: 📴 Mongoose disconnected from MongoDB
2025-12-15T09:07:28: 📡 Mongoose connected to MongoDB
2025-12-15T09:24:59: 📴 Mongoose disconnected from MongoDB
2025-12-15T09:26:21: 📡 Mongoose connected to MongoDB
2025-12-15T09:46:23: 📴 Mongoose disconnected from MongoDB
2025-12-15T09:46:24: 📡 Mongoose connected to MongoDB
2025-12-15T12:17:18: 📴 Mongoose disconnected from MongoDB
2025-12-15T12:17:19: 📡 Mongoose connected to MongoDB
2025-12-26T06:15:02: 📴 Mongoose disconnected from MongoDB
2025-12-26T06:15:12: 📡 Mongoose connected to MongoDB
2025-12-26T06:16:58: 📴 Mongoose disconnected from MongoDB
2025-12-26T06:17:08: 📡 Mongoose connected to MongoDB
2025-12-26T06:20:08: 📴 Mongoose disconnected from MongoDB
2025-12-26T06:20:18: 📡 Mongoose connected to MongoDB
2025-12-26T06:21:07: 📴 Mongoose disconnected from MongoDB
2025-12-26T06:21:17: 📡 Mongoose connected to MongoDB
2025-12-26T06:22:31: 📴 Mongoose disconnected from MongoDB
2025-12-26T06:22:41: 📡 Mongoose connected to MongoDB
2025-12-26T06:25:44: 📴 Mongoose disconnected from MongoDB
2025-12-26T06:25:54: 📡 Mongoose connected to MongoDB
2025-12-26T06:36:04: 📴 Mongoose disconnected from MongoDB
2025-12-26T06:36:14: 📡 Mongoose connected to MongoDB
2025-12-26T06:41:59: 📴 Mongoose disconnected from MongoDB
2025-12-26T06:42:09: 📡 Mongoose connected to MongoDB
2025-12-26T06:44:45: 📴 Mongoose disconnected from MongoDB
2025-12-26T06:44:55: 📡 Mongoose connected to MongoDB
2025-12-26T06:46:16: 📴 Mongoose disconnected from MongoDB
2025-12-26T06:46:26: 📡 Mongoose connected to MongoDB
2025-12-26T06:48:02: 📴 Mongoose disconnected from MongoDB
2025-12-26T06:48:12: 📡 Mongoose connected to MongoDB
2025-12-26T06:50:33: 📴 Mongoose disconnected from MongoDB
2025-12-26T06:50:43: 📡 Mongoose connected to MongoDB
2025-12-26T06:52:08: 📴 Mongoose disconnected from MongoDB
2025-12-26T06:52:18: 📡 Mongoose connected to MongoDB
2025-12-26T06:55:07: 📴 Mongoose disconnected from MongoDB
2025-12-26T06:55:17: 📡 Mongoose connected to MongoDB
2025-12-26T07:04:08: 📴 Mongoose disconnected from MongoDB
2025-12-26T07:04:18: 📡 Mongoose connected to MongoDB
2025-12-26T07:08:45: 📴 Mongoose disconnected from MongoDB
2025-12-26T07:08:55: 📡 Mongoose connected to MongoDB
2025-12-26T07:10:16: 📴 Mongoose disconnected from MongoDB
2025-12-26T07:10:26: 📡 Mongoose connected to MongoDB
2025-12-26T07:18:07: 📴 Mongoose disconnected from MongoDB
2025-12-26T07:18:17: 📡 Mongoose connected to MongoDB
2025-12-26T07:23:32: 📴 Mongoose disconnected from MongoDB
2025-12-26T07:23:42: 📡 Mongoose connected to MongoDB
2025-12-26T08:02:48: 📴 Mongoose disconnected from MongoDB
2025-12-26T08:02:58: 📡 Mongoose connected to MongoDB
2025-12-26T08:04:45: 📴 Mongoose disconnected from MongoDB
2025-12-26T08:04:55: 📡 Mongoose connected to MongoDB
2025-12-26T08:08:05: 📴 Mongoose disconnected from MongoDB
2025-12-26T08:08:15: 📡 Mongoose connected to MongoDB
2025-12-26T08:14:28: 📴 Mongoose disconnected from MongoDB
2025-12-26T08:14:29: 📡 Mongoose connected to MongoDB
2025-12-26T08:21:20: 📴 Mongoose disconnected from MongoDB
2025-12-26T08:21:30: 📡 Mongoose connected to MongoDB
2025-12-26T08:34:17: 📴 Mongoose disconnected from MongoDB
2025-12-26T08:34:28: 📡 Mongoose connected to MongoDB
2025-12-26T08:36:08: 📴 Mongoose disconnected from MongoDB
2025-12-26T08:36:18: 📡 Mongoose connected to MongoDB
2025-12-26T08:49:51: 📴 Mongoose disconnected from MongoDB
2025-12-26T08:49:51: 📡 Mongoose connected to MongoDB
2025-12-26T08:57:38: 📴 Mongoose disconnected from MongoDB
2025-12-26T08:57:48: 📡 Mongoose connected to MongoDB
2025-12-26T09:01:07: 📴 Mongoose disconnected from MongoDB
2025-12-26T09:01:17: 📡 Mongoose connected to MongoDB
2025-12-26T09:04:33: 📴 Mongoose disconnected from MongoDB
2025-12-26T09:04:43: 📡 Mongoose connected to MongoDB
2025-12-26T09:05:26: 📴 Mongoose disconnected from MongoDB
2025-12-26T09:05:36: 📡 Mongoose connected to MongoDB
2025-12-26T09:11:47: 📴 Mongoose disconnected from MongoDB
2025-12-26T09:11:48: 📡 Mongoose connected to MongoDB
2025-12-26T09:15:55: 📴 Mongoose disconnected from MongoDB
2025-12-26T09:16:05: 📡 Mongoose connected to MongoDB
2025-12-26T09:31:55: 📴 Mongoose disconnected from MongoDB
2025-12-26T09:38:58: 📡 Mongoose connected to MongoDB
2025-12-26T09:41:16: 📴 Mongoose disconnected from MongoDB
2025-12-26T09:41:26: 📡 Mongoose connected to MongoDB
2025-12-26T09:43:11: 📴 Mongoose disconnected from MongoDB
2025-12-26T09:43:21: 📡 Mongoose connected to MongoDB
2025-12-26T09:57:38: 📴 Mongoose disconnected from MongoDB
2025-12-26T09:57:38: 📡 Mongoose connected to MongoDB
2025-12-26T10:01:03: 📴 Mongoose disconnected from MongoDB
2025-12-26T10:01:13: 📡 Mongoose connected to MongoDB
2025-12-26T10:03:08: 📴 Mongoose disconnected from MongoDB
2025-12-26T10:03:18: 📡 Mongoose connected to MongoDB
2025-12-26T10:04:21: 📴 Mongoose disconnected from MongoDB
2025-12-26T10:04:31: 📡 Mongoose connected to MongoDB
2025-12-26T10:05:40: 📴 Mongoose disconnected from MongoDB
2025-12-26T10:05:50: 📡 Mongoose connected to MongoDB
2025-12-26T10:08:57: 📴 Mongoose disconnected from MongoDB
2025-12-26T10:09:07: 📡 Mongoose connected to MongoDB
2025-12-26T10:11:44: 📴 Mongoose disconnected from MongoDB
2025-12-26T10:11:54: 📡 Mongoose connected to MongoDB
2025-12-26T10:14:00: 📴 Mongoose disconnected from MongoDB
2025-12-26T10:14:10: 📡 Mongoose connected to MongoDB
2025-12-26T10:21:08: 📴 Mongoose disconnected from MongoDB
2025-12-26T10:21:18: 📡 Mongoose connected to MongoDB
2025-12-26T10:23:49: 📴 Mongoose disconnected from MongoDB
2025-12-26T10:23:59: 📡 Mongoose connected to MongoDB
2025-12-26T10:25:08: 📴 Mongoose disconnected from MongoDB
2025-12-26T10:25:18: 📡 Mongoose connected to MongoDB
2025-12-26T10:26:56: 📴 Mongoose disconnected from MongoDB
2025-12-26T10:27:06: 📡 Mongoose connected to MongoDB
2025-12-26T10:29:03: 📴 Mongoose disconnected from MongoDB
2025-12-26T10:29:13: 📡 Mongoose connected to MongoDB
2025-12-26T10:31:42: 📴 Mongoose disconnected from MongoDB
2025-12-26T10:31:52: 📡 Mongoose connected to MongoDB
2025-12-26T10:37:54: 📴 Mongoose disconnected from MongoDB
2025-12-26T10:38:04: 📡 Mongoose connected to MongoDB
2025-12-26T10:41:27: 📴 Mongoose disconnected from MongoDB
2025-12-26T10:41:37: 📡 Mongoose connected to MongoDB
2025-12-26T10:42:40: 📴 Mongoose disconnected from MongoDB
2025-12-26T10:42:50: 📡 Mongoose connected to MongoDB
2025-12-26T10:44:12: 📴 Mongoose disconnected from MongoDB
2025-12-26T10:44:22: 📡 Mongoose connected to MongoDB
2025-12-26T10:52:14: 📴 Mongoose disconnected from MongoDB
2025-12-26T10:52:15: 📡 Mongoose connected to MongoDB
2025-12-26T10:53:31: 📴 Mongoose disconnected from MongoDB
2025-12-26T10:53:41: 📡 Mongoose connected to MongoDB
2025-12-26T10:59:08: 📴 Mongoose disconnected from MongoDB
2025-12-26T10:59:18: 📡 Mongoose connected to MongoDB
2025-12-26T11:03:48: 📴 Mongoose disconnected from MongoDB
2025-12-26T11:03:58: 📡 Mongoose connected to MongoDB
2025-12-26T11:06:29: 📴 Mongoose disconnected from MongoDB
2025-12-26T11:06:39: 📡 Mongoose connected to MongoDB
2025-12-26T11:09:10: 📴 Mongoose disconnected from MongoDB
2025-12-26T11:09:20: 📡 Mongoose connected to MongoDB
2025-12-26T11:15:41: 📴 Mongoose disconnected from MongoDB
2025-12-26T11:15:51: 📡 Mongoose connected to MongoDB
2025-12-26T11:18:07: 📴 Mongoose disconnected from MongoDB
2025-12-26T11:18:18: 📡 Mongoose connected to MongoDB
2025-12-26T11:20:07: 📴 Mongoose disconnected from MongoDB
2025-12-26T11:20:17: 📡 Mongoose connected to MongoDB
2025-12-26T11:26:04: 📴 Mongoose disconnected from MongoDB
2025-12-26T11:26:14: 📡 Mongoose connected to MongoDB
2025-12-26T11:34:01: 📴 Mongoose disconnected from MongoDB
2025-12-26T11:34:11: 📡 Mongoose connected to MongoDB
2025-12-26T11:43:08: 📴 Mongoose disconnected from MongoDB
2025-12-26T11:43:18: 📡 Mongoose connected to MongoDB
2025-12-26T11:45:55: 📴 Mongoose disconnected from MongoDB
2025-12-26T11:46:05: 📡 Mongoose connected to MongoDB
2025-12-26T11:53:01: 📴 Mongoose disconnected from MongoDB
2025-12-26T11:53:11: 📡 Mongoose connected to MongoDB
