2025-12-03T14:40:02: 📴 Mongoose disconnected from MongoDB
2025-12-03T14:40:02: MongoDB connection closed through app termination
2025-12-03T14:40:06: 📡 Mongoose connected to MongoDB
2025-12-03T14:40:06: ✅ MongoDB Connected: localhost
2025-12-03T14:40:06:    Database: rekhapowerlift
2025-12-03T14:40:06: 
2025-12-03T14:40:06: ============================================================
2025-12-03T14:40:06: 🚀 Rekhapowerlift Server Running
2025-12-03T14:40:06: ============================================================
2025-12-03T14:40:06:    Port: 5000
2025-12-03T14:40:06:    Environment: production
2025-12-03T14:40:06:    S3 Bucket: rekhawpc
2025-12-03T14:40:06:    Health Check: http://localhost:5000/api/health
2025-12-03T14:40:06: ============================================================
2025-12-03T14:40:06: 
2025-12-03T14:48:16: 📴 Mongoose disconnected from MongoDB
2025-12-03T14:48:16: MongoDB connection closed through app termination
2025-12-03T14:48:20: 📡 Mongoose connected to MongoDB
2025-12-03T14:48:20: ✅ MongoDB Connected: localhost
2025-12-03T14:48:20:    Database: rekhapowerlift
2025-12-03T14:48:20: 
2025-12-03T14:48:20: ============================================================
2025-12-03T14:48:20: 🚀 Rekhapowerlift Server Running
2025-12-03T14:48:20: ============================================================
2025-12-03T14:48:20:    Port: 5000
2025-12-03T14:48:20:    Environment: production
2025-12-03T14:48:20:    S3 Bucket: rekhawpc
2025-12-03T14:48:20:    Health Check: http://localhost:5000/api/health
2025-12-03T14:48:20: ============================================================
2025-12-03T14:48:20: 
2025-12-03T14:51:36: 📴 Mongoose disconnected from MongoDB
2025-12-03T14:51:36: MongoDB connection closed through app termination
2025-12-03T14:51:41: 📡 Mongoose connected to MongoDB
2025-12-03T14:51:41: ✅ MongoDB Connected: localhost
2025-12-03T14:51:41:    Database: rekhapowerlift
2025-12-03T14:51:41: 
2025-12-03T14:51:41: ============================================================
2025-12-03T14:51:41: 🚀 Rekhapowerlift Server Running
2025-12-03T14:51:41: ============================================================
2025-12-03T14:51:41:    Port: 5000
2025-12-03T14:51:41:    Environment: production
2025-12-03T14:51:41:    S3 Bucket: rekhawpc
2025-12-03T14:51:41:    Health Check: http://localhost:5000/api/health
2025-12-03T14:51:41: ============================================================
2025-12-03T14:51:41: 
2025-12-03T14:56:26: 📴 Mongoose disconnected from MongoDB
2025-12-03T14:56:26: MongoDB connection closed through app termination
2025-12-03T14:56:30: 📡 Mongoose connected to MongoDB
2025-12-03T14:56:30: ✅ MongoDB Connected: localhost
2025-12-03T14:56:30:    Database: rekhapowerlift
2025-12-03T14:56:30: 
2025-12-03T14:56:30: ============================================================
2025-12-03T14:56:30: 🚀 Rekhapowerlift Server Running
2025-12-03T14:56:30: ============================================================
2025-12-03T14:56:30:    Port: 5000
2025-12-03T14:56:30:    Environment: production
2025-12-03T14:56:30:    S3 Bucket: rekhawpc
2025-12-03T14:56:30:    Health Check: http://localhost:5000/api/health
2025-12-03T14:56:30: ============================================================
2025-12-03T14:56:30: 
2025-12-03T15:16:44: 📴 Mongoose disconnected from MongoDB
2025-12-03T15:16:44: MongoDB connection closed through app termination
2025-12-03T15:16:47: 📡 Mongoose connected to MongoDB
2025-12-03T15:16:47: ✅ MongoDB Connected: localhost
2025-12-03T15:16:47:    Database: rekhapowerlift
2025-12-03T15:16:48: 
2025-12-03T15:16:48: ============================================================
2025-12-03T15:16:48: 🚀 Rekhapowerlift Server Running
2025-12-03T15:16:48: ============================================================
2025-12-03T15:16:48:    Port: 5000
2025-12-03T15:16:48:    Environment: production
2025-12-03T15:16:48:    S3 Bucket: rekhawpc
2025-12-03T15:16:48:    Health Check: http://localhost:5000/api/health
2025-12-03T15:16:48: ============================================================
2025-12-03T15:16:48: 
2025-12-03T15:19:17: File exists check error: Unknown: UnknownError
2025-12-03T15:19:17:     at ProtocolLib.getErrorSchemaOrThrowBaseException (/root/Rekhapowerlift/server/node_modules/@aws-sdk/core/dist-cjs/submodules/protocols/index.js:69:67)
2025-12-03T15:19:17:     at AwsRestXmlProtocol.handleError (/root/Rekhapowerlift/server/node_modules/@aws-sdk/core/dist-cjs/submodules/protocols/index.js:1648:65)
2025-12-03T15:19:17:     at AwsRestXmlProtocol.deserializeResponse (/root/Rekhapowerlift/server/node_modules/@smithy/core/dist-cjs/submodules/protocols/index.js:301:24)
2025-12-03T15:19:17:     at process.processTicksAndRejections (node:internal/process/task_queues:103:5)
2025-12-03T15:19:17:     at async /root/Rekhapowerlift/server/node_modules/@smithy/core/dist-cjs/submodules/schema/index.js:26:24
2025-12-03T15:19:17:     at async /root/Rekhapowerlift/server/node_modules/@aws-sdk/middleware-sdk-s3/dist-cjs/index.js:386:20
2025-12-03T15:19:17:     at async /root/Rekhapowerlift/server/node_modules/@smithy/middleware-retry/dist-cjs/index.js:254:46
2025-12-03T15:19:17:     at async /root/Rekhapowerlift/server/node_modules/@aws-sdk/middleware-sdk-s3/dist-cjs/index.js:63:28
2025-12-03T15:19:17:     at async /root/Rekhapowerlift/server/node_modules/@aws-sdk/middleware-sdk-s3/dist-cjs/index.js:90:20
2025-12-03T15:19:17:     at async /root/Rekhapowerlift/server/node_modules/@aws-sdk/middleware-logger/dist-cjs/index.js:5:26 {
2025-12-03T15:19:17:   '$fault': 'client',
2025-12-03T15:19:17:   '$retryable': undefined,
2025-12-03T15:19:17:   '$metadata': {
2025-12-03T15:19:17:     httpStatusCode: 403,
2025-12-03T15:19:17:     requestId: '14W8FE0KVHQQ1ET6',
2025-12-03T15:19:17:     extendedRequestId: '8btVCVh+9x/7EgKrHKDPSOYMGEpjezDm//MshwKrsz3k4LaBYU927Ul+wthRX97Q1fbLd2SfuIMOPxGtqz64W7DaZPU/oWEx',
2025-12-03T15:19:17:     cfId: undefined,
2025-12-03T15:19:17:     attempts: 1,
2025-12-03T15:19:17:     totalRetryDelay: 0
2025-12-03T15:19:17:   }
2025-12-03T15:19:17: }
2025-12-03T15:20:27: File exists check error: Unknown: UnknownError
2025-12-03T15:20:27:     at ProtocolLib.getErrorSchemaOrThrowBaseException (/root/Rekhapowerlift/server/node_modules/@aws-sdk/core/dist-cjs/submodules/protocols/index.js:69:67)
2025-12-03T15:20:27:     at AwsRestXmlProtocol.handleError (/root/Rekhapowerlift/server/node_modules/@aws-sdk/core/dist-cjs/submodules/protocols/index.js:1648:65)
2025-12-03T15:20:27:     at AwsRestXmlProtocol.deserializeResponse (/root/Rekhapowerlift/server/node_modules/@smithy/core/dist-cjs/submodules/protocols/index.js:301:24)
2025-12-03T15:20:27:     at process.processTicksAndRejections (node:internal/process/task_queues:103:5)
2025-12-03T15:20:27:     at async /root/Rekhapowerlift/server/node_modules/@smithy/core/dist-cjs/submodules/schema/index.js:26:24
2025-12-03T15:20:27:     at async /root/Rekhapowerlift/server/node_modules/@aws-sdk/middleware-sdk-s3/dist-cjs/index.js:386:20
2025-12-03T15:20:27:     at async /root/Rekhapowerlift/server/node_modules/@smithy/middleware-retry/dist-cjs/index.js:254:46
2025-12-03T15:20:27:     at async /root/Rekhapowerlift/server/node_modules/@aws-sdk/middleware-sdk-s3/dist-cjs/index.js:63:28
2025-12-03T15:20:27:     at async /root/Rekhapowerlift/server/node_modules/@aws-sdk/middleware-sdk-s3/dist-cjs/index.js:90:20
2025-12-03T15:20:27:     at async /root/Rekhapowerlift/server/node_modules/@aws-sdk/middleware-logger/dist-cjs/index.js:5:26 {
2025-12-03T15:20:27:   '$fault': 'client',
2025-12-03T15:20:27:   '$retryable': undefined,
2025-12-03T15:20:27:   '$metadata': {
2025-12-03T15:20:27:     httpStatusCode: 403,
2025-12-03T15:20:27:     requestId: 'PYMPVD2MY2T8SXWR',
2025-12-03T15:20:27:     extendedRequestId: 'pX4owFU6oUXwwjkN+4uayO6HBw144UcTW7kmDuwi2SDJ/AWdk2KkQL6KKGjgVeK2FuvsLWpgZlD0KKMcV72l/qUSU3UWsMc4',
2025-12-03T15:20:27:     cfId: undefined,
2025-12-03T15:20:27:     attempts: 1,
2025-12-03T15:20:27:     totalRetryDelay: 0
2025-12-03T15:20:27:   }
2025-12-03T15:20:27: }
2025-12-03T15:21:13: 📴 Mongoose disconnected from MongoDB
2025-12-03T15:21:13: MongoDB connection closed through app termination
2025-12-03T15:21:15: 📡 Mongoose connected to MongoDB
2025-12-03T15:21:15: ✅ MongoDB Connected: localhost
2025-12-03T15:21:15:    Database: rekhapowerlift
2025-12-03T15:21:15: 
2025-12-03T15:21:15: ============================================================
2025-12-03T15:21:15: 🚀 Rekhapowerlift Server Running
2025-12-03T15:21:15: ============================================================
2025-12-03T15:21:15:    Port: 5000
2025-12-03T15:21:15:    Environment: production
2025-12-03T15:21:15:    S3 Bucket: rekhawpc
2025-12-03T15:21:15:    Health Check: http://localhost:5000/api/health
2025-12-03T15:21:15: ============================================================
2025-12-03T15:21:15: 
2025-12-03T15:21:19: File exists check error: Unknown: UnknownError
2025-12-03T15:21:19:     at ProtocolLib.getErrorSchemaOrThrowBaseException (/root/Rekhapowerlift/server/node_modules/@aws-sdk/core/dist-cjs/submodules/protocols/index.js:69:67)
2025-12-03T15:21:19:     at AwsRestXmlProtocol.handleError (/root/Rekhapowerlift/server/node_modules/@aws-sdk/core/dist-cjs/submodules/protocols/index.js:1648:65)
2025-12-03T15:21:19:     at AwsRestXmlProtocol.deserializeResponse (/root/Rekhapowerlift/server/node_modules/@smithy/core/dist-cjs/submodules/protocols/index.js:301:24)
2025-12-03T15:21:19:     at process.processTicksAndRejections (node:internal/process/task_queues:103:5)
2025-12-03T15:21:19:     at async /root/Rekhapowerlift/server/node_modules/@smithy/core/dist-cjs/submodules/schema/index.js:26:24
2025-12-03T15:21:19:     at async /root/Rekhapowerlift/server/node_modules/@aws-sdk/middleware-sdk-s3/dist-cjs/index.js:386:20
2025-12-03T15:21:19:     at async /root/Rekhapowerlift/server/node_modules/@smithy/middleware-retry/dist-cjs/index.js:254:46
2025-12-03T15:21:19:     at async /root/Rekhapowerlift/server/node_modules/@aws-sdk/middleware-sdk-s3/dist-cjs/index.js:63:28
2025-12-03T15:21:19:     at async /root/Rekhapowerlift/server/node_modules/@aws-sdk/middleware-sdk-s3/dist-cjs/index.js:90:20
2025-12-03T15:21:19:     at async /root/Rekhapowerlift/server/node_modules/@aws-sdk/middleware-logger/dist-cjs/index.js:5:26 {
2025-12-03T15:21:19:   '$fault': 'client',
2025-12-03T15:21:19:   '$retryable': undefined,
2025-12-03T15:21:19:   '$metadata': {
2025-12-03T15:21:19:     httpStatusCode: 403,
2025-12-03T15:21:19:     requestId: 'A6HDAR6J8GRYNJJG',
2025-12-03T15:21:19:     extendedRequestId: 'VimZcy0Mz33RDEYeUlKtNcbsymiEmPmeFBvc+V/2ZD+pQB754lhkYmmA6s4so46xcYdD4wCzFu5XnW2+F6xk72ASIkJMcTb4',
2025-12-03T15:21:19:     cfId: undefined,
2025-12-03T15:21:19:     attempts: 1,
2025-12-03T15:21:19:     totalRetryDelay: 0
2025-12-03T15:21:19:   }
2025-12-03T15:21:19: }
2025-12-03T15:21:19: File exists check error: Unknown: UnknownError
2025-12-03T15:21:19:     at ProtocolLib.getErrorSchemaOrThrowBaseException (/root/Rekhapowerlift/server/node_modules/@aws-sdk/core/dist-cjs/submodules/protocols/index.js:69:67)
2025-12-03T15:21:19:     at AwsRestXmlProtocol.handleError (/root/Rekhapowerlift/server/node_modules/@aws-sdk/core/dist-cjs/submodules/protocols/index.js:1648:65)
2025-12-03T15:21:19:     at AwsRestXmlProtocol.deserializeResponse (/root/Rekhapowerlift/server/node_modules/@smithy/core/dist-cjs/submodules/protocols/index.js:301:24)
2025-12-03T15:21:19:     at process.processTicksAndRejections (node:internal/process/task_queues:103:5)
2025-12-03T15:21:19:     at async /root/Rekhapowerlift/server/node_modules/@smithy/core/dist-cjs/submodules/schema/index.js:26:24
2025-12-03T15:21:19:     at async /root/Rekhapowerlift/server/node_modules/@aws-sdk/middleware-sdk-s3/dist-cjs/index.js:386:20
2025-12-03T15:21:19:     at async /root/Rekhapowerlift/server/node_modules/@smithy/middleware-retry/dist-cjs/index.js:254:46
2025-12-03T15:21:19:     at async /root/Rekhapowerlift/server/node_modules/@aws-sdk/middleware-sdk-s3/dist-cjs/index.js:63:28
2025-12-03T15:21:19:     at async /root/Rekhapowerlift/server/node_modules/@aws-sdk/middleware-sdk-s3/dist-cjs/index.js:90:20
2025-12-03T15:21:19:     at async /root/Rekhapowerlift/server/node_modules/@aws-sdk/middleware-logger/dist-cjs/index.js:5:26 {
2025-12-03T15:21:19:   '$fault': 'client',
2025-12-03T15:21:19:   '$retryable': undefined,
2025-12-03T15:21:19:   '$metadata': {
2025-12-03T15:21:19:     httpStatusCode: 403,
2025-12-03T15:21:19:     requestId: 'A6H3PF8647HQEVWR',
2025-12-03T15:21:19:     extendedRequestId: 'a/U0D+tYjugzb0m9/8Ukbxxg3AloMAHqXHhWHACoAjYVlIHZT74RdSHNLBMM0dQn2X4MCTyGpwsQxWwx0ahcUjWTKZLaEuCc',
2025-12-03T15:21:19:     cfId: undefined,
2025-12-03T15:21:19:     attempts: 1,
2025-12-03T15:21:19:     totalRetryDelay: 0
2025-12-03T15:21:19:   }
2025-12-03T15:21:19: }
2025-12-03T15:21:30: File exists check error: Unknown: UnknownError
2025-12-03T15:21:30:     at ProtocolLib.getErrorSchemaOrThrowBaseException (/root/Rekhapowerlift/server/node_modules/@aws-sdk/core/dist-cjs/submodules/protocols/index.js:69:67)
2025-12-03T15:21:30:     at AwsRestXmlProtocol.handleError (/root/Rekhapowerlift/server/node_modules/@aws-sdk/core/dist-cjs/submodules/protocols/index.js:1648:65)
2025-12-03T15:21:30:     at AwsRestXmlProtocol.deserializeResponse (/root/Rekhapowerlift/server/node_modules/@smithy/core/dist-cjs/submodules/protocols/index.js:301:24)
2025-12-03T15:21:30:     at process.processTicksAndRejections (node:internal/process/task_queues:103:5)
2025-12-03T15:21:30:     at async /root/Rekhapowerlift/server/node_modules/@smithy/core/dist-cjs/submodules/schema/index.js:26:24
2025-12-03T15:21:30:     at async /root/Rekhapowerlift/server/node_modules/@aws-sdk/middleware-sdk-s3/dist-cjs/index.js:386:20
2025-12-03T15:21:30:     at async /root/Rekhapowerlift/server/node_modules/@smithy/middleware-retry/dist-cjs/index.js:254:46
2025-12-03T15:21:30:     at async /root/Rekhapowerlift/server/node_modules/@aws-sdk/middleware-sdk-s3/dist-cjs/index.js:63:28
2025-12-03T15:21:30:     at async /root/Rekhapowerlift/server/node_modules/@aws-sdk/middleware-sdk-s3/dist-cjs/index.js:90:20
2025-12-03T15:21:30:     at async /root/Rekhapowerlift/server/node_modules/@aws-sdk/middleware-logger/dist-cjs/index.js:5:26 {
2025-12-03T15:21:30:   '$fault': 'client',
2025-12-03T15:21:30:   '$retryable': undefined,
2025-12-03T15:21:30:   '$metadata': {
2025-12-03T15:21:30:     httpStatusCode: 403,
2025-12-03T15:21:30:     requestId: '2W9W8TJDRY0SRT2P',
2025-12-03T15:21:30:     extendedRequestId: 'MXZ7Yx1yF17SZJB1U+S60TH5Vl1tzLyyrkfY/FF3U7APFK6hE1phrwazt9uRnnJ6BtOziCR+iHZib1Zku2eorj7A70CLIEzE',
2025-12-03T15:21:30:     cfId: undefined,
2025-12-03T15:21:30:     attempts: 1,
2025-12-03T15:21:30:     totalRetryDelay: 0
2025-12-03T15:21:30:   }
2025-12-03T15:21:30: }
2025-12-03T15:22:21: 📴 Mongoose disconnected from MongoDB
2025-12-03T15:22:21: MongoDB connection closed through app termination
2025-12-03T15:22:22: 📡 Mongoose connected to MongoDB
2025-12-03T15:22:22: ✅ MongoDB Connected: localhost
2025-12-03T15:22:22:    Database: rekhapowerlift
2025-12-03T15:22:22: 
2025-12-03T15:22:22: ============================================================
2025-12-03T15:22:22: 🚀 Rekhapowerlift Server Running
2025-12-03T15:22:22: ============================================================
2025-12-03T15:22:22:    Port: 5000
2025-12-03T15:22:22:    Environment: production
2025-12-03T15:22:22:    S3 Bucket: rekhawpc
2025-12-03T15:22:22:    Health Check: http://localhost:5000/api/health
2025-12-03T15:22:22: ============================================================
2025-12-03T15:22:22: 
2025-12-03T15:25:12: 📴 Mongoose disconnected from MongoDB
2025-12-03T15:25:12: MongoDB connection closed through app termination
2025-12-03T15:25:13: 📡 Mongoose connected to MongoDB
2025-12-03T15:25:13: ✅ MongoDB Connected: localhost
2025-12-03T15:25:13:    Database: rekhapowerlift
2025-12-03T15:25:13: 
2025-12-03T15:25:13: ============================================================
2025-12-03T15:25:13: 🚀 Rekhapowerlift Server Running
2025-12-03T15:25:13: ============================================================
2025-12-03T15:25:13:    Port: 5000
2025-12-03T15:25:13:    Environment: production
2025-12-03T15:25:13:    S3 Bucket: rekhawpc
2025-12-03T15:25:13:    Health Check: http://localhost:5000/api/health
2025-12-03T15:25:13: ============================================================
2025-12-03T15:25:13: 
2025-12-03T15:25:14: PDF serve error: ReferenceError: getS3Url is not defined
2025-12-03T15:25:14:     at /root/Rekhapowerlift/server/server.js:289:17
2025-12-03T15:25:14:     at Layer.handle [as handle_request] (/root/Rekhapowerlift/server/node_modules/express/lib/router/layer.js:95:5)
2025-12-03T15:25:14:     at next (/root/Rekhapowerlift/server/node_modules/express/lib/router/route.js:149:13)
2025-12-03T15:25:14:     at Route.dispatch (/root/Rekhapowerlift/server/node_modules/express/lib/router/route.js:119:3)
2025-12-03T15:25:14:     at Layer.handle [as handle_request] (/root/Rekhapowerlift/server/node_modules/express/lib/router/layer.js:95:5)
2025-12-03T15:25:14:     at /root/Rekhapowerlift/server/node_modules/express/lib/router/index.js:284:15
2025-12-03T15:25:14:     at param (/root/Rekhapowerlift/server/node_modules/express/lib/router/index.js:365:14)
2025-12-03T15:25:14:     at param (/root/Rekhapowerlift/server/node_modules/express/lib/router/index.js:376:14)
2025-12-03T15:25:14:     at router.process_params (/root/Rekhapowerlift/server/node_modules/express/lib/router/index.js:421:3)
2025-12-03T15:25:14:     at next (/root/Rekhapowerlift/server/node_modules/express/lib/router/index.js:280:10)
2025-12-03T15:25:20: PDF serve error: ReferenceError: getS3Url is not defined
2025-12-03T15:25:20:     at /root/Rekhapowerlift/server/server.js:289:17
2025-12-03T15:25:20:     at Layer.handle [as handle_request] (/root/Rekhapowerlift/server/node_modules/express/lib/router/layer.js:95:5)
2025-12-03T15:25:20:     at next (/root/Rekhapowerlift/server/node_modules/express/lib/router/route.js:149:13)
2025-12-03T15:25:20:     at Route.dispatch (/root/Rekhapowerlift/server/node_modules/express/lib/router/route.js:119:3)
2025-12-03T15:25:20:     at Layer.handle [as handle_request] (/root/Rekhapowerlift/server/node_modules/express/lib/router/layer.js:95:5)
2025-12-03T15:25:20:     at /root/Rekhapowerlift/server/node_modules/express/lib/router/index.js:284:15
2025-12-03T15:25:20:     at param (/root/Rekhapowerlift/server/node_modules/express/lib/router/index.js:365:14)
2025-12-03T15:25:20:     at param (/root/Rekhapowerlift/server/node_modules/express/lib/router/index.js:376:14)
2025-12-03T15:25:20:     at router.process_params (/root/Rekhapowerlift/server/node_modules/express/lib/router/index.js:421:3)
2025-12-03T15:25:20:     at next (/root/Rekhapowerlift/server/node_modules/express/lib/router/index.js:280:10)
2025-12-03T15:26:01: 📴 Mongoose disconnected from MongoDB
2025-12-03T15:26:01: MongoDB connection closed through app termination
2025-12-03T15:26:02: 📡 Mongoose connected to MongoDB
2025-12-03T15:26:02: ✅ MongoDB Connected: localhost
2025-12-03T15:26:02:    Database: rekhapowerlift
2025-12-03T15:26:02: 
2025-12-03T15:26:02: ============================================================
2025-12-03T15:26:02: 🚀 Rekhapowerlift Server Running
2025-12-03T15:26:02: ============================================================
2025-12-03T15:26:02:    Port: 5000
2025-12-03T15:26:02:    Environment: production
2025-12-03T15:26:02:    S3 Bucket: rekhawpc
2025-12-03T15:26:02:    Health Check: http://localhost:5000/api/health
2025-12-03T15:26:02: ============================================================
2025-12-03T15:26:02: 
2025-12-04T07:36:31: 📴 Mongoose disconnected from MongoDB
2025-12-04T07:36:41: 📡 Mongoose connected to MongoDB
2025-12-04T09:25:19: Error listing S3 files: InvalidAccessKeyId: The AWS Access Key Id you provided does not exist in our records.
2025-12-04T09:25:19:     at ProtocolLib.getErrorSchemaOrThrowBaseException (/root/Rekhapowerlift/server/node_modules/@aws-sdk/core/dist-cjs/submodules/protocols/index.js:69:67)
2025-12-04T09:25:19:     at AwsRestXmlProtocol.handleError (/root/Rekhapowerlift/server/node_modules/@aws-sdk/core/dist-cjs/submodules/protocols/index.js:1648:65)
2025-12-04T09:25:19:     at AwsRestXmlProtocol.deserializeResponse (/root/Rekhapowerlift/server/node_modules/@smithy/core/dist-cjs/submodules/protocols/index.js:301:24)
2025-12-04T09:25:19:     at process.processTicksAndRejections (node:internal/process/task_queues:103:5)
2025-12-04T09:25:19:     at async /root/Rekhapowerlift/server/node_modules/@smithy/core/dist-cjs/submodules/schema/index.js:26:24
2025-12-04T09:25:19:     at async /root/Rekhapowerlift/server/node_modules/@aws-sdk/middleware-sdk-s3/dist-cjs/index.js:386:20
2025-12-04T09:25:19:     at async /root/Rekhapowerlift/server/node_modules/@smithy/middleware-retry/dist-cjs/index.js:254:46
2025-12-04T09:25:19:     at async /root/Rekhapowerlift/server/node_modules/@aws-sdk/middleware-sdk-s3/dist-cjs/index.js:63:28
2025-12-04T09:25:19:     at async /root/Rekhapowerlift/server/node_modules/@aws-sdk/middleware-sdk-s3/dist-cjs/index.js:90:20
2025-12-04T09:25:19:     at async /root/Rekhapowerlift/server/node_modules/@aws-sdk/middleware-logger/dist-cjs/index.js:5:26 {
2025-12-04T09:25:19:   '$fault': 'client',
2025-12-04T09:25:19:   '$retryable': undefined,
2025-12-04T09:25:19:   '$metadata': {
2025-12-04T09:25:19:     httpStatusCode: 403,
2025-12-04T09:25:19:     requestId: 'WCW3CDW8FJF8GS12',
2025-12-04T09:25:19:     extendedRequestId: 'WTHhsb2pqoNZ24QafhpNHovwN7Dy/Inx5bIDrIn+K2QUmWUva1UZUpMUSdMUv8m7PPWPZq0cXek=',
2025-12-04T09:25:19:     cfId: undefined,
2025-12-04T09:25:19:     attempts: 1,
2025-12-04T09:25:19:     totalRetryDelay: 0
2025-12-04T09:25:19:   },
2025-12-04T09:25:19:   Code: 'InvalidAccessKeyId',
2025-12-04T09:25:19:   AWSAccessKeyId: 'AKIA5AIL5ZNHQCSEWCHW',
2025-12-04T09:25:19:   RequestId: 'WCW3CDW8FJF8GS12',
2025-12-04T09:25:19:   HostId: 'WTHhsb2pqoNZ24QafhpNHovwN7Dy/Inx5bIDrIn+K2QUmWUva1UZUpMUSdMUv8m7PPWPZq0cXek='
2025-12-04T09:25:19: }
2025-12-04T09:25:19: List files error: InvalidAccessKeyId: The AWS Access Key Id you provided does not exist in our records.
2025-12-04T09:25:19:     at ProtocolLib.getErrorSchemaOrThrowBaseException (/root/Rekhapowerlift/server/node_modules/@aws-sdk/core/dist-cjs/submodules/protocols/index.js:69:67)
2025-12-04T09:25:19:     at AwsRestXmlProtocol.handleError (/root/Rekhapowerlift/server/node_modules/@aws-sdk/core/dist-cjs/submodules/protocols/index.js:1648:65)
2025-12-04T09:25:19:     at AwsRestXmlProtocol.deserializeResponse (/root/Rekhapowerlift/server/node_modules/@smithy/core/dist-cjs/submodules/protocols/index.js:301:24)
2025-12-04T09:25:19:     at process.processTicksAndRejections (node:internal/process/task_queues:103:5)
2025-12-04T09:25:19:     at async /root/Rekhapowerlift/server/node_modules/@smithy/core/dist-cjs/submodules/schema/index.js:26:24
2025-12-04T09:25:19:     at async /root/Rekhapowerlift/server/node_modules/@aws-sdk/middleware-sdk-s3/dist-cjs/index.js:386:20
2025-12-04T09:25:19:     at async /root/Rekhapowerlift/server/node_modules/@smithy/middleware-retry/dist-cjs/index.js:254:46
2025-12-04T09:25:19:     at async /root/Rekhapowerlift/server/node_modules/@aws-sdk/middleware-sdk-s3/dist-cjs/index.js:63:28
2025-12-04T09:25:19:     at async /root/Rekhapowerlift/server/node_modules/@aws-sdk/middleware-sdk-s3/dist-cjs/index.js:90:20
2025-12-04T09:25:19:     at async /root/Rekhapowerlift/server/node_modules/@aws-sdk/middleware-logger/dist-cjs/index.js:5:26 {
2025-12-04T09:25:19:   '$fault': 'client',
2025-12-04T09:25:19:   '$retryable': undefined,
2025-12-04T09:25:19:   '$metadata': {
2025-12-04T09:25:19:     httpStatusCode: 403,
2025-12-04T09:25:19:     requestId: 'WCW3CDW8FJF8GS12',
2025-12-04T09:25:19:     extendedRequestId: 'WTHhsb2pqoNZ24QafhpNHovwN7Dy/Inx5bIDrIn+K2QUmWUva1UZUpMUSdMUv8m7PPWPZq0cXek=',
2025-12-04T09:25:19:     cfId: undefined,
2025-12-04T09:25:19:     attempts: 1,
2025-12-04T09:25:19:     totalRetryDelay: 0
2025-12-04T09:25:19:   },
2025-12-04T09:25:19:   Code: 'InvalidAccessKeyId',
2025-12-04T09:25:19:   AWSAccessKeyId: 'AKIA5AIL5ZNHQCSEWCHW',
2025-12-04T09:25:19:   RequestId: 'WCW3CDW8FJF8GS12',
2025-12-04T09:25:19:   HostId: 'WTHhsb2pqoNZ24QafhpNHovwN7Dy/Inx5bIDrIn+K2QUmWUva1UZUpMUSdMUv8m7PPWPZq0cXek='
2025-12-04T09:25:19: }
2025-12-04T09:25:46: Error uploading to S3: InvalidAccessKeyId: The AWS Access Key Id you provided does not exist in our records.
2025-12-04T09:25:46:     at ProtocolLib.getErrorSchemaOrThrowBaseException (/root/Rekhapowerlift/server/node_modules/@aws-sdk/core/dist-cjs/submodules/protocols/index.js:69:67)
2025-12-04T09:25:46:     at AwsRestXmlProtocol.handleError (/root/Rekhapowerlift/server/node_modules/@aws-sdk/core/dist-cjs/submodules/protocols/index.js:1648:65)
2025-12-04T09:25:46:     at AwsRestXmlProtocol.deserializeResponse (/root/Rekhapowerlift/server/node_modules/@smithy/core/dist-cjs/submodules/protocols/index.js:301:24)
2025-12-04T09:25:46:     at process.processTicksAndRejections (node:internal/process/task_queues:103:5)
2025-12-04T09:25:46:     at async /root/Rekhapowerlift/server/node_modules/@smithy/core/dist-cjs/submodules/schema/index.js:26:24
2025-12-04T09:25:46:     at async /root/Rekhapowerlift/server/node_modules/@aws-sdk/middleware-sdk-s3/dist-cjs/index.js:386:20
2025-12-04T09:25:46:     at async /root/Rekhapowerlift/server/node_modules/@smithy/middleware-retry/dist-cjs/index.js:254:46
2025-12-04T09:25:46:     at async /root/Rekhapowerlift/server/node_modules/@aws-sdk/middleware-flexible-checksums/dist-cjs/index.js:247:20
2025-12-04T09:25:46:     at async /root/Rekhapowerlift/server/node_modules/@aws-sdk/middleware-sdk-s3/dist-cjs/index.js:63:28
2025-12-04T09:25:46:     at async /root/Rekhapowerlift/server/node_modules/@aws-sdk/middleware-sdk-s3/dist-cjs/index.js:90:20 {
2025-12-04T09:25:46:   '$fault': 'client',
2025-12-04T09:25:46:   '$retryable': undefined,
2025-12-04T09:25:46:   '$metadata': {
2025-12-04T09:25:46:     httpStatusCode: 403,
2025-12-04T09:25:46:     requestId: 'PCVSTWW9GXKJP53N',
2025-12-04T09:25:46:     extendedRequestId: 'CvWo8pLXQKPlpYOrnjgTuSddhTFn/kbHhE+5yR/cVmUl9v9P4AXfeKABM2HSxgoD1B0ZXgmb11LKZXw74YDn7waX+9rRBQTH',
2025-12-04T09:25:46:     cfId: undefined,
2025-12-04T09:25:46:     attempts: 1,
2025-12-04T09:25:46:     totalRetryDelay: 0
2025-12-04T09:25:46:   },
2025-12-04T09:25:46:   Code: 'InvalidAccessKeyId',
2025-12-04T09:25:46:   AWSAccessKeyId: 'AKIA5AIL5ZNHQCSEWCHW',
2025-12-04T09:25:46:   RequestId: 'PCVSTWW9GXKJP53N',
2025-12-04T09:25:46:   HostId: 'CvWo8pLXQKPlpYOrnjgTuSddhTFn/kbHhE+5yR/cVmUl9v9P4AXfeKABM2HSxgoD1B0ZXgmb11LKZXw74YDn7waX+9rRBQTH'
2025-12-04T09:25:46: }
2025-12-04T09:25:46: Upload error: InvalidAccessKeyId: The AWS Access Key Id you provided does not exist in our records.
2025-12-04T09:25:46:     at ProtocolLib.getErrorSchemaOrThrowBaseException (/root/Rekhapowerlift/server/node_modules/@aws-sdk/core/dist-cjs/submodules/protocols/index.js:69:67)
2025-12-04T09:25:46:     at AwsRestXmlProtocol.handleError (/root/Rekhapowerlift/server/node_modules/@aws-sdk/core/dist-cjs/submodules/protocols/index.js:1648:65)
2025-12-04T09:25:46:     at AwsRestXmlProtocol.deserializeResponse (/root/Rekhapowerlift/server/node_modules/@smithy/core/dist-cjs/submodules/protocols/index.js:301:24)
2025-12-04T09:25:46:     at process.processTicksAndRejections (node:internal/process/task_queues:103:5)
2025-12-04T09:25:46:     at async /root/Rekhapowerlift/server/node_modules/@smithy/core/dist-cjs/submodules/schema/index.js:26:24
2025-12-04T09:25:46:     at async /root/Rekhapowerlift/server/node_modules/@aws-sdk/middleware-sdk-s3/dist-cjs/index.js:386:20
2025-12-04T09:25:46:     at async /root/Rekhapowerlift/server/node_modules/@smithy/middleware-retry/dist-cjs/index.js:254:46
2025-12-04T09:25:46:     at async /root/Rekhapowerlift/server/node_modules/@aws-sdk/middleware-flexible-checksums/dist-cjs/index.js:247:20
2025-12-04T09:25:46:     at async /root/Rekhapowerlift/server/node_modules/@aws-sdk/middleware-sdk-s3/dist-cjs/index.js:63:28
2025-12-04T09:25:46:     at async /root/Rekhapowerlift/server/node_modules/@aws-sdk/middleware-sdk-s3/dist-cjs/index.js:90:20 {
2025-12-04T09:25:46:   '$fault': 'client',
2025-12-04T09:25:46:   '$retryable': undefined,
2025-12-04T09:25:46:   '$metadata': {
2025-12-04T09:25:46:     httpStatusCode: 403,
2025-12-04T09:25:46:     requestId: 'PCVSTWW9GXKJP53N',
2025-12-04T09:25:46:     extendedRequestId: 'CvWo8pLXQKPlpYOrnjgTuSddhTFn/kbHhE+5yR/cVmUl9v9P4AXfeKABM2HSxgoD1B0ZXgmb11LKZXw74YDn7waX+9rRBQTH',
2025-12-04T09:25:46:     cfId: undefined,
2025-12-04T09:25:46:     attempts: 1,
2025-12-04T09:25:46:     totalRetryDelay: 0
2025-12-04T09:25:46:   },
2025-12-04T09:25:46:   Code: 'InvalidAccessKeyId',
2025-12-04T09:25:46:   AWSAccessKeyId: 'AKIA5AIL5ZNHQCSEWCHW',
2025-12-04T09:25:46:   RequestId: 'PCVSTWW9GXKJP53N',
2025-12-04T09:25:46:   HostId: 'CvWo8pLXQKPlpYOrnjgTuSddhTFn/kbHhE+5yR/cVmUl9v9P4AXfeKABM2HSxgoD1B0ZXgmb11LKZXw74YDn7waX+9rRBQTH'
2025-12-04T09:25:46: }
2025-12-04T09:26:37: 📴 Mongoose disconnected from MongoDB
2025-12-04T09:26:37: MongoDB connection closed through app termination
2025-12-04T09:26:39: 📡 Mongoose connected to MongoDB
2025-12-04T09:26:39: ✅ MongoDB Connected: localhost
2025-12-04T09:26:39:    Database: rekhapowerlift
2025-12-04T09:26:39: 
2025-12-04T09:26:39: ============================================================
2025-12-04T09:26:39: 🚀 Rekhapowerlift Server Running
2025-12-04T09:26:39: ============================================================
2025-12-04T09:26:39:    Port: 5000
2025-12-04T09:26:39:    Environment: production
2025-12-04T09:26:39:    S3 Bucket: rekhawpc
2025-12-04T09:26:39:    Health Check: http://localhost:5000/api/health
2025-12-04T09:26:39: ============================================================
2025-12-04T09:26:39: 
2025-12-04T09:31:04: 📴 Mongoose disconnected from MongoDB
2025-12-04T09:31:04: MongoDB connection closed through app termination
2025-12-04T09:31:06: 📡 Mongoose connected to MongoDB
2025-12-04T09:31:06: ✅ MongoDB Connected: localhost
2025-12-04T09:31:06:    Database: rekhapowerlift
2025-12-04T09:31:06: 
2025-12-04T09:31:06: ============================================================
2025-12-04T09:31:06: 🚀 Rekhapowerlift Server Running
2025-12-04T09:31:06: ============================================================
2025-12-04T09:31:06:    Port: 5000
2025-12-04T09:31:06:    Environment: production
2025-12-04T09:31:06:    S3 Bucket: rekhawpc
2025-12-04T09:31:06:    Health Check: http://localhost:5000/api/health
2025-12-04T09:31:06: ============================================================
2025-12-04T09:31:06: 
2025-12-04T09:35:28: Error listing S3 files: InvalidAccessKeyId: The AWS Access Key Id you provided does not exist in our records.
2025-12-04T09:35:28:     at ProtocolLib.getErrorSchemaOrThrowBaseException (/root/Rekhapowerlift/server/node_modules/@aws-sdk/core/dist-cjs/submodules/protocols/index.js:69:67)
2025-12-04T09:35:28:     at AwsRestXmlProtocol.handleError (/root/Rekhapowerlift/server/node_modules/@aws-sdk/core/dist-cjs/submodules/protocols/index.js:1648:65)
2025-12-04T09:35:28:     at AwsRestXmlProtocol.deserializeResponse (/root/Rekhapowerlift/server/node_modules/@smithy/core/dist-cjs/submodules/protocols/index.js:301:24)
2025-12-04T09:35:28:     at process.processTicksAndRejections (node:internal/process/task_queues:103:5)
2025-12-04T09:35:28:     at async /root/Rekhapowerlift/server/node_modules/@smithy/core/dist-cjs/submodules/schema/index.js:26:24
2025-12-04T09:35:28:     at async /root/Rekhapowerlift/server/node_modules/@aws-sdk/middleware-sdk-s3/dist-cjs/index.js:386:20
2025-12-04T09:35:28:     at async /root/Rekhapowerlift/server/node_modules/@smithy/middleware-retry/dist-cjs/index.js:254:46
2025-12-04T09:35:28:     at async /root/Rekhapowerlift/server/node_modules/@aws-sdk/middleware-sdk-s3/dist-cjs/index.js:63:28
2025-12-04T09:35:28:     at async /root/Rekhapowerlift/server/node_modules/@aws-sdk/middleware-sdk-s3/dist-cjs/index.js:90:20
2025-12-04T09:35:28:     at async /root/Rekhapowerlift/server/node_modules/@aws-sdk/middleware-logger/dist-cjs/index.js:5:26 {
2025-12-04T09:35:28:   '$fault': 'client',
2025-12-04T09:35:28:   '$retryable': undefined,
2025-12-04T09:35:28:   '$metadata': {
2025-12-04T09:35:28:     httpStatusCode: 403,
2025-12-04T09:35:28:     requestId: 'KPTNC352AG1NY8X0',
2025-12-04T09:35:28:     extendedRequestId: '5bbp3iGEAqiSuPw6XriODFrN49eHo2D26j4vjrl1qQTsA8iX9CTU80dH13tRvWik+Mqck8D8YZqt3MZTdJv7l7Pf62bpeF5w',
2025-12-04T09:35:28:     cfId: undefined,
2025-12-04T09:35:28:     attempts: 2,
2025-12-04T09:35:28:     totalRetryDelay: 94
2025-12-04T09:35:28:   },
2025-12-04T09:35:28:   Code: 'InvalidAccessKeyId',
2025-12-04T09:35:28:   AWSAccessKeyId: 'AKIA5AIL5ZNHQCSEWCHW',
2025-12-04T09:35:28:   RequestId: 'KPTNC352AG1NY8X0',
2025-12-04T09:35:28:   HostId: '5bbp3iGEAqiSuPw6XriODFrN49eHo2D26j4vjrl1qQTsA8iX9CTU80dH13tRvWik+Mqck8D8YZqt3MZTdJv7l7Pf62bpeF5w'
2025-12-04T09:35:28: }
2025-12-04T09:35:28: List files error: InvalidAccessKeyId: The AWS Access Key Id you provided does not exist in our records.
2025-12-04T09:35:28:     at ProtocolLib.getErrorSchemaOrThrowBaseException (/root/Rekhapowerlift/server/node_modules/@aws-sdk/core/dist-cjs/submodules/protocols/index.js:69:67)
2025-12-04T09:35:28:     at AwsRestXmlProtocol.handleError (/root/Rekhapowerlift/server/node_modules/@aws-sdk/core/dist-cjs/submodules/protocols/index.js:1648:65)
2025-12-04T09:35:28:     at AwsRestXmlProtocol.deserializeResponse (/root/Rekhapowerlift/server/node_modules/@smithy/core/dist-cjs/submodules/protocols/index.js:301:24)
2025-12-04T09:35:28:     at process.processTicksAndRejections (node:internal/process/task_queues:103:5)
2025-12-04T09:35:28:     at async /root/Rekhapowerlift/server/node_modules/@smithy/core/dist-cjs/submodules/schema/index.js:26:24
2025-12-04T09:35:28:     at async /root/Rekhapowerlift/server/node_modules/@aws-sdk/middleware-sdk-s3/dist-cjs/index.js:386:20
2025-12-04T09:35:28:     at async /root/Rekhapowerlift/server/node_modules/@smithy/middleware-retry/dist-cjs/index.js:254:46
2025-12-04T09:35:28:     at async /root/Rekhapowerlift/server/node_modules/@aws-sdk/middleware-sdk-s3/dist-cjs/index.js:63:28
2025-12-04T09:35:28:     at async /root/Rekhapowerlift/server/node_modules/@aws-sdk/middleware-sdk-s3/dist-cjs/index.js:90:20
2025-12-04T09:35:28:     at async /root/Rekhapowerlift/server/node_modules/@aws-sdk/middleware-logger/dist-cjs/index.js:5:26 {
2025-12-04T09:35:28:   '$fault': 'client',
2025-12-04T09:35:28:   '$retryable': undefined,
2025-12-04T09:35:28:   '$metadata': {
2025-12-04T09:35:28:     httpStatusCode: 403,
2025-12-04T09:35:28:     requestId: 'KPTNC352AG1NY8X0',
2025-12-04T09:35:28:     extendedRequestId: '5bbp3iGEAqiSuPw6XriODFrN49eHo2D26j4vjrl1qQTsA8iX9CTU80dH13tRvWik+Mqck8D8YZqt3MZTdJv7l7Pf62bpeF5w',
2025-12-04T09:35:28:     cfId: undefined,
2025-12-04T09:35:28:     attempts: 2,
2025-12-04T09:35:28:     totalRetryDelay: 94
2025-12-04T09:35:28:   },
2025-12-04T09:35:28:   Code: 'InvalidAccessKeyId',
2025-12-04T09:35:28:   AWSAccessKeyId: 'AKIA5AIL5ZNHQCSEWCHW',
2025-12-04T09:35:28:   RequestId: 'KPTNC352AG1NY8X0',
2025-12-04T09:35:28:   HostId: '5bbp3iGEAqiSuPw6XriODFrN49eHo2D26j4vjrl1qQTsA8iX9CTU80dH13tRvWik+Mqck8D8YZqt3MZTdJv7l7Pf62bpeF5w'
2025-12-04T09:35:28: }
2025-12-04T09:35:55: 📴 Mongoose disconnected from MongoDB
2025-12-04T09:35:55: MongoDB connection closed through app termination
